%%%%%%%%%%%%%%%%%%%%%%%%%%%%%%%%%%%%%%%%%%%%
% Copy file
%%%%%%%%%%%%%%%%%%%%%%%%%%%%%%%%%%%%%%%%%%%%
%%%%%%%%%%%%%%%%%%%%%%%%%%%%%%%%%%%%%%%%%%%%
% Done copy file
%%%%%%%%%%%%%%%%%%%%%%%%%%%%%%%%%%%%%%%%%%%%
%%%%%%%%%%%%%%%%%%%%%%%%%%%%%%%%%
ResNet KNN classification
%%%%%%%%%%%%%%%%%%%%%%%%%%%%%%%%%
dict_keys(['optimizer', 'model', 'stats'])
Training size: 54622
Validation size: 6070
Test size: 6744
Extracting features...:   0%|          | 0/27 [00:00<?, ?it/s]Extracting features...:   4%|▎         | 1/27 [00:04<01:55,  4.43s/it]Extracting features...:  11%|█         | 3/27 [00:04<00:29,  1.22s/it]Extracting features...:  19%|█▊        | 5/27 [00:04<00:13,  1.58it/s]Extracting features...:  26%|██▌       | 7/27 [00:04<00:08,  2.49it/s]Extracting features...:  33%|███▎      | 9/27 [00:05<00:05,  3.46it/s]Extracting features...:  41%|████      | 11/27 [00:05<00:03,  4.61it/s]Extracting features...:  48%|████▊     | 13/27 [00:05<00:02,  5.80it/s]Extracting features...:  56%|█████▌    | 15/27 [00:06<00:02,  4.36it/s]Extracting features...:  59%|█████▉    | 16/27 [00:06<00:02,  4.82it/s]Extracting features...:  63%|██████▎   | 17/27 [00:06<00:01,  5.26it/s]Extracting features...:  70%|███████   | 19/27 [00:06<00:01,  5.69it/s]Extracting features...:  74%|███████▍  | 20/27 [00:07<00:02,  3.04it/s]Extracting features...:  81%|████████▏ | 22/27 [00:07<00:01,  4.22it/s]Extracting features...:  89%|████████▉ | 24/27 [00:07<00:00,  5.46it/s]Extracting features...:  93%|█████████▎| 25/27 [00:08<00:00,  5.50it/s]Extracting features...:  96%|█████████▋| 26/27 [00:08<00:00,  3.07it/s]Extracting features...: 100%|██████████| 27/27 [00:09<00:00,  2.99it/s]
(array([0, 1, 2, 3]), array([2795, 1140,  614, 2195]))
Confusion matrix computation...:   0%|          | 0/4 [00:00<?, ?it/s]Confusion matrix computation...: 100%|██████████| 4/4 [00:00<00:00, 1851.18it/s]
Accuracy: 68.43
%%%%%%%%%%%%%%%%%%%%%%%%%%%%%%%%%
Done
%%%%%%%%%%%%%%%%%%%%%%%%%%%%%%%%%
